<?xml version="1.0" encoding="UTF-8"?>
<testsuite xmlns:xsi="http://www.w3.org/2001/XMLSchema-instance" xsi:noNamespaceSchemaLocation="https://maven.apache.org/surefire/maven-surefire-plugin/xsd/surefire-test-report.xsd" name="com.example.webrtc.WebRtcApplicationTests" time="3.444" tests="1" errors="0" skipped="0" failures="0">
  <properties>
    <property name="java.specification.version" value="22"/>
    <property name="sun.jnu.encoding" value="UTF-8"/>
    <property name="java.class.path" value="/Users/arman_gupta/Documents/GitHub/WebRTC/target/test-classes:/Users/arman_gupta/Documents/GitHub/WebRTC/target/classes:/Users/arman_gupta/.m2/repository/org/springframework/boot/spring-boot-starter-thymeleaf/3.0.6/spring-boot-starter-thymeleaf-3.0.6.jar:/Users/arman_gupta/.m2/repository/org/springframework/boot/spring-boot-starter/3.0.6/spring-boot-starter-3.0.6.jar:/Users/arman_gupta/.m2/repository/org/springframework/boot/spring-boot-starter-logging/3.0.6/spring-boot-starter-logging-3.0.6.jar:/Users/arman_gupta/.m2/repository/ch/qos/logback/logback-classic/1.4.7/logback-classic-1.4.7.jar:/Users/arman_gupta/.m2/repository/ch/qos/logback/logback-core/1.4.7/logback-core-1.4.7.jar:/Users/arman_gupta/.m2/repository/org/apache/logging/log4j/log4j-to-slf4j/2.19.0/log4j-to-slf4j-2.19.0.jar:/Users/arman_gupta/.m2/repository/org/apache/logging/log4j/log4j-api/2.19.0/log4j-api-2.19.0.jar:/Users/arman_gupta/.m2/repository/org/slf4j/jul-to-slf4j/2.0.7/jul-to-slf4j-2.0.7.jar:/Users/arman_gupta/.m2/repository/jakarta/annotation/jakarta.annotation-api/2.1.1/jakarta.annotation-api-2.1.1.jar:/Users/arman_gupta/.m2/repository/org/yaml/snakeyaml/1.33/snakeyaml-1.33.jar:/Users/arman_gupta/.m2/repository/org/thymeleaf/thymeleaf-spring6/3.1.1.RELEASE/thymeleaf-spring6-3.1.1.RELEASE.jar:/Users/arman_gupta/.m2/repository/org/thymeleaf/thymeleaf/3.1.1.RELEASE/thymeleaf-3.1.1.RELEASE.jar:/Users/arman_gupta/.m2/repository/org/attoparser/attoparser/2.0.6.RELEASE/attoparser-2.0.6.RELEASE.jar:/Users/arman_gupta/.m2/repository/org/unbescape/unbescape/1.1.6.RELEASE/unbescape-1.1.6.RELEASE.jar:/Users/arman_gupta/.m2/repository/org/slf4j/slf4j-api/2.0.7/slf4j-api-2.0.7.jar:/Users/arman_gupta/.m2/repository/org/springframework/boot/spring-boot-starter-web/3.0.6/spring-boot-starter-web-3.0.6.jar:/Users/arman_gupta/.m2/repository/org/springframework/boot/spring-boot-starter-json/3.0.6/spring-boot-starter-json-3.0.6.jar:/Users/arman_gupta/.m2/repository/com/fasterxml/jackson/core/jackson-databind/2.14.2/jackson-databind-2.14.2.jar:/Users/arman_gupta/.m2/repository/com/fasterxml/jackson/core/jackson-annotations/2.14.2/jackson-annotations-2.14.2.jar:/Users/arman_gupta/.m2/repository/com/fasterxml/jackson/core/jackson-core/2.14.2/jackson-core-2.14.2.jar:/Users/arman_gupta/.m2/repository/com/fasterxml/jackson/datatype/jackson-datatype-jdk8/2.14.2/jackson-datatype-jdk8-2.14.2.jar:/Users/arman_gupta/.m2/repository/com/fasterxml/jackson/datatype/jackson-datatype-jsr310/2.14.2/jackson-datatype-jsr310-2.14.2.jar:/Users/arman_gupta/.m2/repository/com/fasterxml/jackson/module/jackson-module-parameter-names/2.14.2/jackson-module-parameter-names-2.14.2.jar:/Users/arman_gupta/.m2/repository/org/springframework/boot/spring-boot-starter-tomcat/3.0.6/spring-boot-starter-tomcat-3.0.6.jar:/Users/arman_gupta/.m2/repository/org/apache/tomcat/embed/tomcat-embed-core/10.1.8/tomcat-embed-core-10.1.8.jar:/Users/arman_gupta/.m2/repository/org/apache/tomcat/embed/tomcat-embed-el/10.1.8/tomcat-embed-el-10.1.8.jar:/Users/arman_gupta/.m2/repository/org/apache/tomcat/embed/tomcat-embed-websocket/10.1.8/tomcat-embed-websocket-10.1.8.jar:/Users/arman_gupta/.m2/repository/org/springframework/spring-web/6.0.8/spring-web-6.0.8.jar:/Users/arman_gupta/.m2/repository/org/springframework/spring-beans/6.0.8/spring-beans-6.0.8.jar:/Users/arman_gupta/.m2/repository/io/micrometer/micrometer-observation/1.10.6/micrometer-observation-1.10.6.jar:/Users/arman_gupta/.m2/repository/io/micrometer/micrometer-commons/1.10.6/micrometer-commons-1.10.6.jar:/Users/arman_gupta/.m2/repository/org/springframework/spring-webmvc/6.0.8/spring-webmvc-6.0.8.jar:/Users/arman_gupta/.m2/repository/org/springframework/spring-aop/6.0.8/spring-aop-6.0.8.jar:/Users/arman_gupta/.m2/repository/org/springframework/spring-context/6.0.8/spring-context-6.0.8.jar:/Users/arman_gupta/.m2/repository/org/springframework/spring-expression/6.0.8/spring-expression-6.0.8.jar:/Users/arman_gupta/.m2/repository/org/springframework/boot/spring-boot-starter-websocket/3.0.6/spring-boot-starter-websocket-3.0.6.jar:/Users/arman_gupta/.m2/repository/org/springframework/spring-messaging/6.0.8/spring-messaging-6.0.8.jar:/Users/arman_gupta/.m2/repository/org/springframework/spring-websocket/6.0.8/spring-websocket-6.0.8.jar:/Users/arman_gupta/.m2/repository/org/springframework/boot/spring-boot-devtools/3.0.6/spring-boot-devtools-3.0.6.jar:/Users/arman_gupta/.m2/repository/org/springframework/boot/spring-boot/3.0.6/spring-boot-3.0.6.jar:/Users/arman_gupta/.m2/repository/org/springframework/boot/spring-boot-autoconfigure/3.0.6/spring-boot-autoconfigure-3.0.6.jar:/Users/arman_gupta/.m2/repository/org/springframework/boot/spring-boot-starter-test/3.0.6/spring-boot-starter-test-3.0.6.jar:/Users/arman_gupta/.m2/repository/org/springframework/boot/spring-boot-test/3.0.6/spring-boot-test-3.0.6.jar:/Users/arman_gupta/.m2/repository/org/springframework/boot/spring-boot-test-autoconfigure/3.0.6/spring-boot-test-autoconfigure-3.0.6.jar:/Users/arman_gupta/.m2/repository/com/jayway/jsonpath/json-path/2.7.0/json-path-2.7.0.jar:/Users/arman_gupta/.m2/repository/net/minidev/json-smart/2.4.10/json-smart-2.4.10.jar:/Users/arman_gupta/.m2/repository/net/minidev/accessors-smart/2.4.9/accessors-smart-2.4.9.jar:/Users/arman_gupta/.m2/repository/org/ow2/asm/asm/9.3/asm-9.3.jar:/Users/arman_gupta/.m2/repository/jakarta/xml/bind/jakarta.xml.bind-api/4.0.0/jakarta.xml.bind-api-4.0.0.jar:/Users/arman_gupta/.m2/repository/jakarta/activation/jakarta.activation-api/2.1.1/jakarta.activation-api-2.1.1.jar:/Users/arman_gupta/.m2/repository/org/assertj/assertj-core/3.23.1/assertj-core-3.23.1.jar:/Users/arman_gupta/.m2/repository/net/bytebuddy/byte-buddy/1.12.23/byte-buddy-1.12.23.jar:/Users/arman_gupta/.m2/repository/org/hamcrest/hamcrest/2.2/hamcrest-2.2.jar:/Users/arman_gupta/.m2/repository/org/junit/jupiter/junit-jupiter/5.9.2/junit-jupiter-5.9.2.jar:/Users/arman_gupta/.m2/repository/org/junit/jupiter/junit-jupiter-api/5.9.2/junit-jupiter-api-5.9.2.jar:/Users/arman_gupta/.m2/repository/org/opentest4j/opentest4j/1.2.0/opentest4j-1.2.0.jar:/Users/arman_gupta/.m2/repository/org/junit/platform/junit-platform-commons/1.9.2/junit-platform-commons-1.9.2.jar:/Users/arman_gupta/.m2/repository/org/apiguardian/apiguardian-api/1.1.2/apiguardian-api-1.1.2.jar:/Users/arman_gupta/.m2/repository/org/junit/jupiter/junit-jupiter-params/5.9.2/junit-jupiter-params-5.9.2.jar:/Users/arman_gupta/.m2/repository/org/junit/jupiter/junit-jupiter-engine/5.9.2/junit-jupiter-engine-5.9.2.jar:/Users/arman_gupta/.m2/repository/org/junit/platform/junit-platform-engine/1.9.2/junit-platform-engine-1.9.2.jar:/Users/arman_gupta/.m2/repository/org/mockito/mockito-core/4.8.1/mockito-core-4.8.1.jar:/Users/arman_gupta/.m2/repository/net/bytebuddy/byte-buddy-agent/1.12.23/byte-buddy-agent-1.12.23.jar:/Users/arman_gupta/.m2/repository/org/objenesis/objenesis/3.2/objenesis-3.2.jar:/Users/arman_gupta/.m2/repository/org/mockito/mockito-junit-jupiter/4.8.1/mockito-junit-jupiter-4.8.1.jar:/Users/arman_gupta/.m2/repository/org/skyscreamer/jsonassert/1.5.1/jsonassert-1.5.1.jar:/Users/arman_gupta/.m2/repository/com/vaadin/external/google/android-json/0.0.20131108.vaadin1/android-json-0.0.20131108.vaadin1.jar:/Users/arman_gupta/.m2/repository/org/springframework/spring-core/6.0.8/spring-core-6.0.8.jar:/Users/arman_gupta/.m2/repository/org/springframework/spring-jcl/6.0.8/spring-jcl-6.0.8.jar:/Users/arman_gupta/.m2/repository/org/springframework/spring-test/6.0.8/spring-test-6.0.8.jar:/Users/arman_gupta/.m2/repository/org/xmlunit/xmlunit-core/2.9.1/xmlunit-core-2.9.1.jar:/Users/arman_gupta/.m2/repository/org/json/json/20230227/json-20230227.jar:/Users/arman_gupta/.m2/repository/net/sourceforge/htmlunit/htmlunit/2.62.0/htmlunit-2.62.0.jar:/Users/arman_gupta/.m2/repository/xalan/xalan/2.7.2/xalan-2.7.2.jar:/Users/arman_gupta/.m2/repository/xalan/serializer/2.7.2/serializer-2.7.2.jar:/Users/arman_gupta/.m2/repository/org/apache/httpcomponents/httpmime/4.5.14/httpmime-4.5.14.jar:/Users/arman_gupta/.m2/repository/org/apache/httpcomponents/httpclient/4.5.14/httpclient-4.5.14.jar:/Users/arman_gupta/.m2/repository/org/apache/httpcomponents/httpcore/4.4.16/httpcore-4.4.16.jar:/Users/arman_gupta/.m2/repository/net/sourceforge/htmlunit/htmlunit-core-js/2.62.0/htmlunit-core-js-2.62.0.jar:/Users/arman_gupta/.m2/repository/net/sourceforge/htmlunit/neko-htmlunit/2.62.0/neko-htmlunit-2.62.0.jar:/Users/arman_gupta/.m2/repository/xerces/xercesImpl/2.12.2/xercesImpl-2.12.2.jar:/Users/arman_gupta/.m2/repository/xml-apis/xml-apis/1.4.01/xml-apis-1.4.01.jar:/Users/arman_gupta/.m2/repository/net/sourceforge/htmlunit/htmlunit-cssparser/1.12.0/htmlunit-cssparser-1.12.0.jar:/Users/arman_gupta/.m2/repository/org/apache/commons/commons-lang3/3.12.0/commons-lang3-3.12.0.jar:/Users/arman_gupta/.m2/repository/org/apache/commons/commons-text/1.9/commons-text-1.9.jar:/Users/arman_gupta/.m2/repository/commons-io/commons-io/2.10.0/commons-io-2.10.0.jar:/Users/arman_gupta/.m2/repository/commons-net/commons-net/3.8.0/commons-net-3.8.0.jar:/Users/arman_gupta/.m2/repository/commons-codec/commons-codec/1.15/commons-codec-1.15.jar:/Users/arman_gupta/.m2/repository/org/brotli/dec/0.1.2/dec-0.1.2.jar:/Users/arman_gupta/.m2/repository/com/shapesecurity/salvation2/3.0.0/salvation2-3.0.0.jar:/Users/arman_gupta/.m2/repository/org/eclipse/jetty/websocket/websocket-client/9.4.46.v20220331/websocket-client-9.4.46.v20220331.jar:/Users/arman_gupta/.m2/repository/org/eclipse/jetty/jetty-client/11.0.15/jetty-client-11.0.15.jar:/Users/arman_gupta/.m2/repository/org/eclipse/jetty/jetty-http/11.0.15/jetty-http-11.0.15.jar:/Users/arman_gupta/.m2/repository/org/eclipse/jetty/jetty-alpn-client/11.0.15/jetty-alpn-client-11.0.15.jar:/Users/arman_gupta/.m2/repository/org/eclipse/jetty/jetty-util/11.0.15/jetty-util-11.0.15.jar:/Users/arman_gupta/.m2/repository/org/eclipse/jetty/jetty-io/11.0.15/jetty-io-11.0.15.jar:/Users/arman_gupta/.m2/repository/org/eclipse/jetty/websocket/websocket-common/9.4.46.v20220331/websocket-common-9.4.46.v20220331.jar:/Users/arman_gupta/.m2/repository/org/eclipse/jetty/websocket/websocket-api/9.4.46.v20220331/websocket-api-9.4.46.v20220331.jar:"/>
    <property name="java.vm.vendor" value="Oracle Corporation"/>
    <property name="sun.arch.data.model" value="64"/>
    <property name="java.vendor.url" value="https://java.oracle.com/"/>
    <property name="os.name" value="Mac OS X"/>
    <property name="java.vm.specification.version" value="22"/>
    <property name="sun.java.launcher" value="SUN_STANDARD"/>
    <property name="user.country" value="IN"/>
    <property name="sun.boot.library.path" value="/Library/Java/JavaVirtualMachines/jdk-22.jdk/Contents/Home/lib"/>
    <property name="sun.java.command" value="/Users/arman_gupta/Documents/GitHub/WebRTC/target/surefire/surefirebooter15034578924750136074.jar /Users/arman_gupta/Documents/GitHub/WebRTC/target/surefire 2024-12-31T13-46-50_223-jvmRun1 surefire16131064304407271154tmp surefire_07771867457044804729tmp"/>
    <property name="http.nonProxyHosts" value="local|*.local|169.254/16|*.169.254/16"/>
    <property name="jdk.debug" value="release"/>
    <property name="surefire.test.class.path" value="/Users/arman_gupta/Documents/GitHub/WebRTC/target/test-classes:/Users/arman_gupta/Documents/GitHub/WebRTC/target/classes:/Users/arman_gupta/.m2/repository/org/springframework/boot/spring-boot-starter-thymeleaf/3.0.6/spring-boot-starter-thymeleaf-3.0.6.jar:/Users/arman_gupta/.m2/repository/org/springframework/boot/spring-boot-starter/3.0.6/spring-boot-starter-3.0.6.jar:/Users/arman_gupta/.m2/repository/org/springframework/boot/spring-boot-starter-logging/3.0.6/spring-boot-starter-logging-3.0.6.jar:/Users/arman_gupta/.m2/repository/ch/qos/logback/logback-classic/1.4.7/logback-classic-1.4.7.jar:/Users/arman_gupta/.m2/repository/ch/qos/logback/logback-core/1.4.7/logback-core-1.4.7.jar:/Users/arman_gupta/.m2/repository/org/apache/logging/log4j/log4j-to-slf4j/2.19.0/log4j-to-slf4j-2.19.0.jar:/Users/arman_gupta/.m2/repository/org/apache/logging/log4j/log4j-api/2.19.0/log4j-api-2.19.0.jar:/Users/arman_gupta/.m2/repository/org/slf4j/jul-to-slf4j/2.0.7/jul-to-slf4j-2.0.7.jar:/Users/arman_gupta/.m2/repository/jakarta/annotation/jakarta.annotation-api/2.1.1/jakarta.annotation-api-2.1.1.jar:/Users/arman_gupta/.m2/repository/org/yaml/snakeyaml/1.33/snakeyaml-1.33.jar:/Users/arman_gupta/.m2/repository/org/thymeleaf/thymeleaf-spring6/3.1.1.RELEASE/thymeleaf-spring6-3.1.1.RELEASE.jar:/Users/arman_gupta/.m2/repository/org/thymeleaf/thymeleaf/3.1.1.RELEASE/thymeleaf-3.1.1.RELEASE.jar:/Users/arman_gupta/.m2/repository/org/attoparser/attoparser/2.0.6.RELEASE/attoparser-2.0.6.RELEASE.jar:/Users/arman_gupta/.m2/repository/org/unbescape/unbescape/1.1.6.RELEASE/unbescape-1.1.6.RELEASE.jar:/Users/arman_gupta/.m2/repository/org/slf4j/slf4j-api/2.0.7/slf4j-api-2.0.7.jar:/Users/arman_gupta/.m2/repository/org/springframework/boot/spring-boot-starter-web/3.0.6/spring-boot-starter-web-3.0.6.jar:/Users/arman_gupta/.m2/repository/org/springframework/boot/spring-boot-starter-json/3.0.6/spring-boot-starter-json-3.0.6.jar:/Users/arman_gupta/.m2/repository/com/fasterxml/jackson/core/jackson-databind/2.14.2/jackson-databind-2.14.2.jar:/Users/arman_gupta/.m2/repository/com/fasterxml/jackson/core/jackson-annotations/2.14.2/jackson-annotations-2.14.2.jar:/Users/arman_gupta/.m2/repository/com/fasterxml/jackson/core/jackson-core/2.14.2/jackson-core-2.14.2.jar:/Users/arman_gupta/.m2/repository/com/fasterxml/jackson/datatype/jackson-datatype-jdk8/2.14.2/jackson-datatype-jdk8-2.14.2.jar:/Users/arman_gupta/.m2/repository/com/fasterxml/jackson/datatype/jackson-datatype-jsr310/2.14.2/jackson-datatype-jsr310-2.14.2.jar:/Users/arman_gupta/.m2/repository/com/fasterxml/jackson/module/jackson-module-parameter-names/2.14.2/jackson-module-parameter-names-2.14.2.jar:/Users/arman_gupta/.m2/repository/org/springframework/boot/spring-boot-starter-tomcat/3.0.6/spring-boot-starter-tomcat-3.0.6.jar:/Users/arman_gupta/.m2/repository/org/apache/tomcat/embed/tomcat-embed-core/10.1.8/tomcat-embed-core-10.1.8.jar:/Users/arman_gupta/.m2/repository/org/apache/tomcat/embed/tomcat-embed-el/10.1.8/tomcat-embed-el-10.1.8.jar:/Users/arman_gupta/.m2/repository/org/apache/tomcat/embed/tomcat-embed-websocket/10.1.8/tomcat-embed-websocket-10.1.8.jar:/Users/arman_gupta/.m2/repository/org/springframework/spring-web/6.0.8/spring-web-6.0.8.jar:/Users/arman_gupta/.m2/repository/org/springframework/spring-beans/6.0.8/spring-beans-6.0.8.jar:/Users/arman_gupta/.m2/repository/io/micrometer/micrometer-observation/1.10.6/micrometer-observation-1.10.6.jar:/Users/arman_gupta/.m2/repository/io/micrometer/micrometer-commons/1.10.6/micrometer-commons-1.10.6.jar:/Users/arman_gupta/.m2/repository/org/springframework/spring-webmvc/6.0.8/spring-webmvc-6.0.8.jar:/Users/arman_gupta/.m2/repository/org/springframework/spring-aop/6.0.8/spring-aop-6.0.8.jar:/Users/arman_gupta/.m2/repository/org/springframework/spring-context/6.0.8/spring-context-6.0.8.jar:/Users/arman_gupta/.m2/repository/org/springframework/spring-expression/6.0.8/spring-expression-6.0.8.jar:/Users/arman_gupta/.m2/repository/org/springframework/boot/spring-boot-starter-websocket/3.0.6/spring-boot-starter-websocket-3.0.6.jar:/Users/arman_gupta/.m2/repository/org/springframework/spring-messaging/6.0.8/spring-messaging-6.0.8.jar:/Users/arman_gupta/.m2/repository/org/springframework/spring-websocket/6.0.8/spring-websocket-6.0.8.jar:/Users/arman_gupta/.m2/repository/org/springframework/boot/spring-boot-devtools/3.0.6/spring-boot-devtools-3.0.6.jar:/Users/arman_gupta/.m2/repository/org/springframework/boot/spring-boot/3.0.6/spring-boot-3.0.6.jar:/Users/arman_gupta/.m2/repository/org/springframework/boot/spring-boot-autoconfigure/3.0.6/spring-boot-autoconfigure-3.0.6.jar:/Users/arman_gupta/.m2/repository/org/springframework/boot/spring-boot-starter-test/3.0.6/spring-boot-starter-test-3.0.6.jar:/Users/arman_gupta/.m2/repository/org/springframework/boot/spring-boot-test/3.0.6/spring-boot-test-3.0.6.jar:/Users/arman_gupta/.m2/repository/org/springframework/boot/spring-boot-test-autoconfigure/3.0.6/spring-boot-test-autoconfigure-3.0.6.jar:/Users/arman_gupta/.m2/repository/com/jayway/jsonpath/json-path/2.7.0/json-path-2.7.0.jar:/Users/arman_gupta/.m2/repository/net/minidev/json-smart/2.4.10/json-smart-2.4.10.jar:/Users/arman_gupta/.m2/repository/net/minidev/accessors-smart/2.4.9/accessors-smart-2.4.9.jar:/Users/arman_gupta/.m2/repository/org/ow2/asm/asm/9.3/asm-9.3.jar:/Users/arman_gupta/.m2/repository/jakarta/xml/bind/jakarta.xml.bind-api/4.0.0/jakarta.xml.bind-api-4.0.0.jar:/Users/arman_gupta/.m2/repository/jakarta/activation/jakarta.activation-api/2.1.1/jakarta.activation-api-2.1.1.jar:/Users/arman_gupta/.m2/repository/org/assertj/assertj-core/3.23.1/assertj-core-3.23.1.jar:/Users/arman_gupta/.m2/repository/net/bytebuddy/byte-buddy/1.12.23/byte-buddy-1.12.23.jar:/Users/arman_gupta/.m2/repository/org/hamcrest/hamcrest/2.2/hamcrest-2.2.jar:/Users/arman_gupta/.m2/repository/org/junit/jupiter/junit-jupiter/5.9.2/junit-jupiter-5.9.2.jar:/Users/arman_gupta/.m2/repository/org/junit/jupiter/junit-jupiter-api/5.9.2/junit-jupiter-api-5.9.2.jar:/Users/arman_gupta/.m2/repository/org/opentest4j/opentest4j/1.2.0/opentest4j-1.2.0.jar:/Users/arman_gupta/.m2/repository/org/junit/platform/junit-platform-commons/1.9.2/junit-platform-commons-1.9.2.jar:/Users/arman_gupta/.m2/repository/org/apiguardian/apiguardian-api/1.1.2/apiguardian-api-1.1.2.jar:/Users/arman_gupta/.m2/repository/org/junit/jupiter/junit-jupiter-params/5.9.2/junit-jupiter-params-5.9.2.jar:/Users/arman_gupta/.m2/repository/org/junit/jupiter/junit-jupiter-engine/5.9.2/junit-jupiter-engine-5.9.2.jar:/Users/arman_gupta/.m2/repository/org/junit/platform/junit-platform-engine/1.9.2/junit-platform-engine-1.9.2.jar:/Users/arman_gupta/.m2/repository/org/mockito/mockito-core/4.8.1/mockito-core-4.8.1.jar:/Users/arman_gupta/.m2/repository/net/bytebuddy/byte-buddy-agent/1.12.23/byte-buddy-agent-1.12.23.jar:/Users/arman_gupta/.m2/repository/org/objenesis/objenesis/3.2/objenesis-3.2.jar:/Users/arman_gupta/.m2/repository/org/mockito/mockito-junit-jupiter/4.8.1/mockito-junit-jupiter-4.8.1.jar:/Users/arman_gupta/.m2/repository/org/skyscreamer/jsonassert/1.5.1/jsonassert-1.5.1.jar:/Users/arman_gupta/.m2/repository/com/vaadin/external/google/android-json/0.0.20131108.vaadin1/android-json-0.0.20131108.vaadin1.jar:/Users/arman_gupta/.m2/repository/org/springframework/spring-core/6.0.8/spring-core-6.0.8.jar:/Users/arman_gupta/.m2/repository/org/springframework/spring-jcl/6.0.8/spring-jcl-6.0.8.jar:/Users/arman_gupta/.m2/repository/org/springframework/spring-test/6.0.8/spring-test-6.0.8.jar:/Users/arman_gupta/.m2/repository/org/xmlunit/xmlunit-core/2.9.1/xmlunit-core-2.9.1.jar:/Users/arman_gupta/.m2/repository/org/json/json/20230227/json-20230227.jar:/Users/arman_gupta/.m2/repository/net/sourceforge/htmlunit/htmlunit/2.62.0/htmlunit-2.62.0.jar:/Users/arman_gupta/.m2/repository/xalan/xalan/2.7.2/xalan-2.7.2.jar:/Users/arman_gupta/.m2/repository/xalan/serializer/2.7.2/serializer-2.7.2.jar:/Users/arman_gupta/.m2/repository/org/apache/httpcomponents/httpmime/4.5.14/httpmime-4.5.14.jar:/Users/arman_gupta/.m2/repository/org/apache/httpcomponents/httpclient/4.5.14/httpclient-4.5.14.jar:/Users/arman_gupta/.m2/repository/org/apache/httpcomponents/httpcore/4.4.16/httpcore-4.4.16.jar:/Users/arman_gupta/.m2/repository/net/sourceforge/htmlunit/htmlunit-core-js/2.62.0/htmlunit-core-js-2.62.0.jar:/Users/arman_gupta/.m2/repository/net/sourceforge/htmlunit/neko-htmlunit/2.62.0/neko-htmlunit-2.62.0.jar:/Users/arman_gupta/.m2/repository/xerces/xercesImpl/2.12.2/xercesImpl-2.12.2.jar:/Users/arman_gupta/.m2/repository/xml-apis/xml-apis/1.4.01/xml-apis-1.4.01.jar:/Users/arman_gupta/.m2/repository/net/sourceforge/htmlunit/htmlunit-cssparser/1.12.0/htmlunit-cssparser-1.12.0.jar:/Users/arman_gupta/.m2/repository/org/apache/commons/commons-lang3/3.12.0/commons-lang3-3.12.0.jar:/Users/arman_gupta/.m2/repository/org/apache/commons/commons-text/1.9/commons-text-1.9.jar:/Users/arman_gupta/.m2/repository/commons-io/commons-io/2.10.0/commons-io-2.10.0.jar:/Users/arman_gupta/.m2/repository/commons-net/commons-net/3.8.0/commons-net-3.8.0.jar:/Users/arman_gupta/.m2/repository/commons-codec/commons-codec/1.15/commons-codec-1.15.jar:/Users/arman_gupta/.m2/repository/org/brotli/dec/0.1.2/dec-0.1.2.jar:/Users/arman_gupta/.m2/repository/com/shapesecurity/salvation2/3.0.0/salvation2-3.0.0.jar:/Users/arman_gupta/.m2/repository/org/eclipse/jetty/websocket/websocket-client/9.4.46.v20220331/websocket-client-9.4.46.v20220331.jar:/Users/arman_gupta/.m2/repository/org/eclipse/jetty/jetty-client/11.0.15/jetty-client-11.0.15.jar:/Users/arman_gupta/.m2/repository/org/eclipse/jetty/jetty-http/11.0.15/jetty-http-11.0.15.jar:/Users/arman_gupta/.m2/repository/org/eclipse/jetty/jetty-alpn-client/11.0.15/jetty-alpn-client-11.0.15.jar:/Users/arman_gupta/.m2/repository/org/eclipse/jetty/jetty-util/11.0.15/jetty-util-11.0.15.jar:/Users/arman_gupta/.m2/repository/org/eclipse/jetty/jetty-io/11.0.15/jetty-io-11.0.15.jar:/Users/arman_gupta/.m2/repository/org/eclipse/jetty/websocket/websocket-common/9.4.46.v20220331/websocket-common-9.4.46.v20220331.jar:/Users/arman_gupta/.m2/repository/org/eclipse/jetty/websocket/websocket-api/9.4.46.v20220331/websocket-api-9.4.46.v20220331.jar:"/>
    <property name="sun.cpu.endian" value="little"/>
    <property name="user.home" value="/Users/arman_gupta"/>
    <property name="user.language" value="en"/>
    <property name="java.specification.vendor" value="Oracle Corporation"/>
    <property name="java.version.date" value="2024-04-16"/>
    <property name="java.home" value="/Library/Java/JavaVirtualMachines/jdk-22.jdk/Contents/Home"/>
    <property name="file.separator" value="/"/>
    <property name="basedir" value="/Users/arman_gupta/Documents/GitHub/WebRTC"/>
    <property name="java.vm.compressedOopsMode" value="Zero based"/>
    <property name="line.separator" value="&#10;"/>
    <property name="java.vm.specification.vendor" value="Oracle Corporation"/>
    <property name="java.specification.name" value="Java Platform API Specification"/>
    <property name="apple.awt.application.name" value="ForkedBooter"/>
    <property name="surefire.real.class.path" value="/Users/arman_gupta/Documents/GitHub/WebRTC/target/surefire/surefirebooter15034578924750136074.jar"/>
    <property name="sun.management.compiler" value="HotSpot 64-Bit Tiered Compilers"/>
    <property name="ftp.nonProxyHosts" value="local|*.local|169.254/16|*.169.254/16"/>
    <property name="java.runtime.version" value="22.0.1+8-16"/>
    <property name="user.name" value="arman_gupta"/>
    <property name="stdout.encoding" value="UTF-8"/>
    <property name="path.separator" value=":"/>
    <property name="os.version" value="14.6.1"/>
    <property name="java.runtime.name" value="Java(TM) SE Runtime Environment"/>
    <property name="file.encoding" value="UTF-8"/>
    <property name="java.vm.name" value="Java HotSpot(TM) 64-Bit Server VM"/>
    <property name="localRepository" value="/Users/arman_gupta/.m2/repository"/>
    <property name="java.vendor.url.bug" value="https://bugreport.java.com/bugreport/"/>
    <property name="java.io.tmpdir" value="/var/folders/mb/wphp77ts6jbg6k1_3hjmbhf80000gn/T/"/>
    <property name="idea.version" value="2024.3.1"/>
    <property name="java.version" value="22.0.1"/>
    <property name="user.dir" value="/Users/arman_gupta/Documents/GitHub/WebRTC"/>
    <property name="os.arch" value="aarch64"/>
    <property name="java.vm.specification.name" value="Java Virtual Machine Specification"/>
    <property name="native.encoding" value="UTF-8"/>
    <property name="java.library.path" value="/Users/arman_gupta/Library/Java/Extensions:/Library/Java/Extensions:/Network/Library/Java/Extensions:/System/Library/Java/Extensions:/usr/lib/java:."/>
    <property name="java.vm.info" value="mixed mode, sharing"/>
    <property name="stderr.encoding" value="UTF-8"/>
    <property name="java.vendor" value="Oracle Corporation"/>
    <property name="java.vm.version" value="22.0.1+8-16"/>
    <property name="sun.io.unicode.encoding" value="UnicodeBig"/>
    <property name="socksNonProxyHosts" value="local|*.local|169.254/16|*.169.254/16"/>
    <property name="java.class.version" value="66.0"/>
  </properties>
  <testcase name="contextLoads" classname="com.example.webrtc.WebRtcApplicationTests" time="0.235"/>
</testsuite>